<?xml version="1.0" encoding="UTF-8"?>
<testng-results ignored="0" total="12" passed="11" failed="1" skipped="0">
  <reporter-output>
  </reporter-output>
  <suite started-at="2022-09-25T17:18:47Z" name="UCSC Test Automation Demo" finished-at="2022-09-25T17:25:46Z" duration-ms="419550">
    <groups>
    </groups>
    <test started-at="2022-09-25T17:18:47Z" name="UCSC Test Automation Demo Testcases" finished-at="2022-09-25T17:25:46Z" duration-ms="419550">
      <class name="com.actitime.qa.testcases.HomePageTest">
        <test-method is-config="true" signature="seup()[pri:0, instance:com.actitime.qa.testcases.HomePageTest@7b02881e]" started-at="2022-09-25T17:18:47Z" name="seup" finished-at="2022-09-25T17:19:12Z" duration-ms="25122" status="PASS">
          <reporter-output>
          </reporter-output>
        </test-method> <!-- seup -->
        <test-method signature="homePageLogoTest()[pri:1, instance:com.actitime.qa.testcases.HomePageTest@7b02881e]" started-at="2022-09-25T17:19:12Z" name="homePageLogoTest" finished-at="2022-09-25T17:19:16Z" duration-ms="4142" status="PASS">
          <reporter-output>
          </reporter-output>
        </test-method> <!-- homePageLogoTest -->
        <test-method is-config="true" signature="tearDown()[pri:0, instance:com.actitime.qa.testcases.HomePageTest@7b02881e]" started-at="2022-09-25T17:19:16Z" name="tearDown" finished-at="2022-09-25T17:19:16Z" duration-ms="262" status="PASS">
          <reporter-output>
          </reporter-output>
        </test-method> <!-- tearDown -->
        <test-method is-config="true" signature="seup()[pri:0, instance:com.actitime.qa.testcases.HomePageTest@7b02881e]" started-at="2022-09-25T17:21:56Z" name="seup" finished-at="2022-09-25T17:22:20Z" duration-ms="23775" status="PASS">
          <reporter-output>
          </reporter-output>
        </test-method> <!-- seup -->
        <test-method signature="homePageTaskLinkTest()[pri:2, instance:com.actitime.qa.testcases.HomePageTest@7b02881e]" started-at="2022-09-25T17:22:20Z" name="homePageTaskLinkTest" finished-at="2022-09-25T17:22:28Z" duration-ms="7759" status="PASS">
          <reporter-output>
          </reporter-output>
        </test-method> <!-- homePageTaskLinkTest -->
        <test-method is-config="true" signature="tearDown()[pri:0, instance:com.actitime.qa.testcases.HomePageTest@7b02881e]" started-at="2022-09-25T17:22:28Z" name="tearDown" finished-at="2022-09-25T17:22:28Z" duration-ms="278" status="PASS">
          <reporter-output>
          </reporter-output>
        </test-method> <!-- tearDown -->
      </class> <!-- com.actitime.qa.testcases.HomePageTest -->
      <class name="com.actitime.qa.testcases.TimeTrackTest">
        <test-method is-config="true" signature="seup()[pri:0, instance:com.actitime.qa.testcases.TimeTrackTest@d21a74c]" started-at="2022-09-25T17:21:25Z" name="seup" finished-at="2022-09-25T17:21:56Z" duration-ms="31407" status="PASS">
          <reporter-output>
          </reporter-output>
        </test-method> <!-- seup -->
        <test-method signature="LogoTest()[pri:1, instance:com.actitime.qa.testcases.TimeTrackTest@d21a74c]" started-at="2022-09-25T17:21:56Z" name="LogoTest" finished-at="2022-09-25T17:21:56Z" duration-ms="60" status="PASS">
          <reporter-output>
          </reporter-output>
        </test-method> <!-- LogoTest -->
        <test-method is-config="true" signature="tearDown()[pri:0, instance:com.actitime.qa.testcases.TimeTrackTest@d21a74c]" started-at="2022-09-25T17:21:56Z" name="tearDown" finished-at="2022-09-25T17:21:56Z" duration-ms="185" status="PASS">
          <reporter-output>
          </reporter-output>
        </test-method> <!-- tearDown -->
        <test-method is-config="true" signature="seup()[pri:0, instance:com.actitime.qa.testcases.TimeTrackTest@d21a74c]" started-at="2022-09-25T17:24:34Z" name="seup" finished-at="2022-09-25T17:25:06Z" duration-ms="32088" status="PASS">
          <reporter-output>
          </reporter-output>
        </test-method> <!-- seup -->
        <test-method signature="clickOnApproveTimeTrack()[pri:2, instance:com.actitime.qa.testcases.TimeTrackTest@d21a74c]" started-at="2022-09-25T17:25:06Z" name="clickOnApproveTimeTrack" finished-at="2022-09-25T17:25:46Z" duration-ms="40257" status="FAIL">
          <exception class="org.openqa.selenium.NoSuchElementException">
            <message>
              <![CDATA[no such element: Unable to locate element: {"method":"xpath","selector":"//*[@id="approveTTTable"]/tbody[2]/tr[1]/td[7]/input"}
  (Session info: chrome=105.0.5195.127)
For documentation on this error, please visit: https://www.seleniumhq.org/exceptions/no_such_element.html
Build info: version: '3.141.59', revision: 'e82be7d358', time: '2018-11-14T08:17:03'
System info: host: 'DESKTOP-GL141IQ', ip: '192.168.1.8', os.name: 'Windows 10', os.arch: 'amd64', os.version: '10.0', java.version: '17.0.4.1'
Driver info: org.openqa.selenium.chrome.ChromeDriver
Capabilities {acceptInsecureCerts: false, browserName: chrome, browserVersion: 105.0.5195.127, chrome: {chromedriverVersion: 105.0.5195.52 (412c95e51883..., userDataDir: C:\Users\Anushka\AppData\Lo...}, goog:chromeOptions: {debuggerAddress: localhost:9864}, javascriptEnabled: true, networkConnectionEnabled: false, pageLoadStrategy: normal, platform: WINDOWS, platformName: WINDOWS, proxy: Proxy(), setWindowRect: true, strictFileInteractability: false, timeouts: {implicit: 0, pageLoad: 300000, script: 30000}, unhandledPromptBehavior: dismiss and notify, webauthn:extension:credBlob: true, webauthn:extension:largeBlob: true, webauthn:virtualAuthenticators: true}
Session ID: 252d73a48da5626f0633a690507ba2d7
*** Element info: {Using=xpath, value=//*[@id="approveTTTable"]/tbody[2]/tr[1]/td[7]/input}]]>
            </message>
            <full-stacktrace>
              <![CDATA[org.openqa.selenium.NoSuchElementException: no such element: Unable to locate element: {"method":"xpath","selector":"//*[@id="approveTTTable"]/tbody[2]/tr[1]/td[7]/input"}
  (Session info: chrome=105.0.5195.127)
For documentation on this error, please visit: https://www.seleniumhq.org/exceptions/no_such_element.html
Build info: version: '3.141.59', revision: 'e82be7d358', time: '2018-11-14T08:17:03'
System info: host: 'DESKTOP-GL141IQ', ip: '192.168.1.8', os.name: 'Windows 10', os.arch: 'amd64', os.version: '10.0', java.version: '17.0.4.1'
Driver info: org.openqa.selenium.chrome.ChromeDriver
Capabilities {acceptInsecureCerts: false, browserName: chrome, browserVersion: 105.0.5195.127, chrome: {chromedriverVersion: 105.0.5195.52 (412c95e51883..., userDataDir: C:\Users\Anushka\AppData\Lo...}, goog:chromeOptions: {debuggerAddress: localhost:9864}, javascriptEnabled: true, networkConnectionEnabled: false, pageLoadStrategy: normal, platform: WINDOWS, platformName: WINDOWS, proxy: Proxy(), setWindowRect: true, strictFileInteractability: false, timeouts: {implicit: 0, pageLoad: 300000, script: 30000}, unhandledPromptBehavior: dismiss and notify, webauthn:extension:credBlob: true, webauthn:extension:largeBlob: true, webauthn:virtualAuthenticators: true}
Session ID: 252d73a48da5626f0633a690507ba2d7
*** Element info: {Using=xpath, value=//*[@id="approveTTTable"]/tbody[2]/tr[1]/td[7]/input}
at java.base/jdk.internal.reflect.NativeConstructorAccessorImpl.newInstance0(Native Method)
at java.base/jdk.internal.reflect.NativeConstructorAccessorImpl.newInstance(NativeConstructorAccessorImpl.java:77)
at java.base/jdk.internal.reflect.DelegatingConstructorAccessorImpl.newInstance(DelegatingConstructorAccessorImpl.java:45)
at java.base/java.lang.reflect.Constructor.newInstanceWithCaller(Constructor.java:499)
at java.base/java.lang.reflect.Constructor.newInstance(Constructor.java:480)
at org.openqa.selenium.remote.http.W3CHttpResponseCodec.createException(W3CHttpResponseCodec.java:187)
at org.openqa.selenium.remote.http.W3CHttpResponseCodec.decode(W3CHttpResponseCodec.java:122)
at org.openqa.selenium.remote.http.W3CHttpResponseCodec.decode(W3CHttpResponseCodec.java:49)
at org.openqa.selenium.remote.HttpCommandExecutor.execute(HttpCommandExecutor.java:158)
at org.openqa.selenium.remote.service.DriverCommandExecutor.execute(DriverCommandExecutor.java:83)
at org.openqa.selenium.remote.RemoteWebDriver.execute(RemoteWebDriver.java:552)
at org.openqa.selenium.remote.RemoteWebDriver.findElement(RemoteWebDriver.java:323)
at org.openqa.selenium.remote.RemoteWebDriver.findElementByXPath(RemoteWebDriver.java:428)
at org.openqa.selenium.By$ByXPath.findElement(By.java:353)
at org.openqa.selenium.remote.RemoteWebDriver.findElement(RemoteWebDriver.java:315)
at jdk.internal.reflect.GeneratedMethodAccessor3.invoke(Unknown Source)
at java.base/jdk.internal.reflect.DelegatingMethodAccessorImpl.invoke(DelegatingMethodAccessorImpl.java:43)
at java.base/java.lang.reflect.Method.invoke(Method.java:568)
at org.openqa.selenium.support.events.EventFiringWebDriver.lambda$new$1(EventFiringWebDriver.java:105)
at jdk.proxy2/jdk.proxy2.$Proxy11.findElement(Unknown Source)
at org.openqa.selenium.support.events.EventFiringWebDriver.findElement(EventFiringWebDriver.java:194)
at org.openqa.selenium.support.pagefactory.DefaultElementLocator.findElement(DefaultElementLocator.java:69)
at org.openqa.selenium.support.pagefactory.internal.LocatingElementHandler.invoke(LocatingElementHandler.java:38)
at jdk.proxy2/jdk.proxy2.$Proxy16.click(Unknown Source)
at com.actitime.qa.pages.TimeTrack.clickOnApproveTimeTrack(TimeTrack.java:34)
at com.actitime.qa.testcases.TimeTrackTest.clickOnApproveTimeTrack(TimeTrackTest.java:49)
at java.base/jdk.internal.reflect.NativeMethodAccessorImpl.invoke0(Native Method)
at java.base/jdk.internal.reflect.NativeMethodAccessorImpl.invoke(NativeMethodAccessorImpl.java:77)
at java.base/jdk.internal.reflect.DelegatingMethodAccessorImpl.invoke(DelegatingMethodAccessorImpl.java:43)
at java.base/java.lang.reflect.Method.invoke(Method.java:568)
at org.testng.internal.MethodInvocationHelper.invokeMethod(MethodInvocationHelper.java:124)
at org.testng.internal.Invoker.invokeMethod(Invoker.java:583)
at org.testng.internal.Invoker.invokeTestMethod(Invoker.java:719)
at org.testng.internal.Invoker.invokeTestMethods(Invoker.java:989)
at org.testng.internal.TestMethodWorker.invokeTestMethods(TestMethodWorker.java:125)
at org.testng.internal.TestMethodWorker.run(TestMethodWorker.java:109)
at org.testng.TestRunner.privateRun(TestRunner.java:648)
at org.testng.TestRunner.run(TestRunner.java:505)
at org.testng.SuiteRunner.runTest(SuiteRunner.java:455)
at org.testng.SuiteRunner.runSequentially(SuiteRunner.java:450)
at org.testng.SuiteRunner.privateRun(SuiteRunner.java:415)
at org.testng.SuiteRunner.run(SuiteRunner.java:364)
at org.testng.SuiteRunnerWorker.runSuite(SuiteRunnerWorker.java:52)
at org.testng.SuiteRunnerWorker.run(SuiteRunnerWorker.java:84)
at org.testng.TestNG.runSuitesSequentially(TestNG.java:1208)
at org.testng.TestNG.runSuitesLocally(TestNG.java:1137)
at org.testng.TestNG.runSuites(TestNG.java:1049)
at org.testng.TestNG.run(TestNG.java:1017)
at org.testng.remote.AbstractRemoteTestNG.run(AbstractRemoteTestNG.java:115)
at org.testng.remote.RemoteTestNG.initAndRun(RemoteTestNG.java:251)
at org.testng.remote.RemoteTestNG.main(RemoteTestNG.java:77)
]]>
            </full-stacktrace>
          </exception> <!-- org.openqa.selenium.NoSuchElementException -->
          <reporter-output>
          </reporter-output>
        </test-method> <!-- clickOnApproveTimeTrack -->
        <test-method is-config="true" signature="tearDown()[pri:0, instance:com.actitime.qa.testcases.TimeTrackTest@d21a74c]" started-at="2022-09-25T17:25:46Z" name="tearDown" finished-at="2022-09-25T17:25:46Z" duration-ms="257" status="PASS">
          <reporter-output>
          </reporter-output>
        </test-method> <!-- tearDown -->
      </class> <!-- com.actitime.qa.testcases.TimeTrackTest -->
      <class name="com.actitime.qa.testcases.ReportPageTest">
        <test-method is-config="true" signature="seup()[pri:0, instance:com.actitime.qa.testcases.ReportPageTest@3c0be339]" started-at="2022-09-25T17:19:38Z" name="seup" finished-at="2022-09-25T17:20:18Z" duration-ms="39568" status="PASS">
          <reporter-output>
          </reporter-output>
        </test-method> <!-- seup -->
        <test-method signature="reportsPageLogoTest()[pri:1, instance:com.actitime.qa.testcases.ReportPageTest@3c0be339]" started-at="2022-09-25T17:20:18Z" name="reportsPageLogoTest" finished-at="2022-09-25T17:20:18Z" duration-ms="61" status="PASS">
          <reporter-output>
          </reporter-output>
        </test-method> <!-- reportsPageLogoTest -->
        <test-method is-config="true" signature="tearDown()[pri:0, instance:com.actitime.qa.testcases.ReportPageTest@3c0be339]" started-at="2022-09-25T17:20:18Z" name="tearDown" finished-at="2022-09-25T17:20:18Z" duration-ms="227" status="PASS">
          <reporter-output>
          </reporter-output>
        </test-method> <!-- tearDown -->
        <test-method is-config="true" signature="seup()[pri:0, instance:com.actitime.qa.testcases.ReportPageTest@3c0be339]" started-at="2022-09-25T17:23:18Z" name="seup" finished-at="2022-09-25T17:23:59Z" duration-ms="41130" status="PASS">
          <reporter-output>
          </reporter-output>
        </test-method> <!-- seup -->
        <test-method signature="reportsPagenewReportTest()[pri:2, instance:com.actitime.qa.testcases.ReportPageTest@3c0be339]" started-at="2022-09-25T17:23:59Z" name="reportsPagenewReportTest" finished-at="2022-09-25T17:24:00Z" duration-ms="777" status="PASS">
          <reporter-output>
          </reporter-output>
        </test-method> <!-- reportsPagenewReportTest -->
        <test-method is-config="true" signature="tearDown()[pri:0, instance:com.actitime.qa.testcases.ReportPageTest@3c0be339]" started-at="2022-09-25T17:24:00Z" name="tearDown" finished-at="2022-09-25T17:24:00Z" duration-ms="269" status="PASS">
          <reporter-output>
          </reporter-output>
        </test-method> <!-- tearDown -->
      </class> <!-- com.actitime.qa.testcases.ReportPageTest -->
      <class name="com.actitime.qa.testcases.LogonPageTest">
        <test-method is-config="true" signature="seup()[pri:0, instance:com.actitime.qa.testcases.LogonPageTest@1ebd319f]" started-at="2022-09-25T17:19:16Z" name="seup" finished-at="2022-09-25T17:19:38Z" duration-ms="21911" status="PASS">
          <reporter-output>
          </reporter-output>
        </test-method> <!-- seup -->
        <test-method signature="loginPageLogoTest()[pri:1, instance:com.actitime.qa.testcases.LogonPageTest@1ebd319f]" started-at="2022-09-25T17:19:38Z" name="loginPageLogoTest" finished-at="2022-09-25T17:19:38Z" duration-ms="49" status="PASS">
          <reporter-output>
          </reporter-output>
        </test-method> <!-- loginPageLogoTest -->
        <test-method is-config="true" signature="tearDown()[pri:0, instance:com.actitime.qa.testcases.LogonPageTest@1ebd319f]" started-at="2022-09-25T17:19:38Z" name="tearDown" finished-at="2022-09-25T17:19:38Z" duration-ms="154" status="PASS">
          <reporter-output>
          </reporter-output>
        </test-method> <!-- tearDown -->
        <test-method is-config="true" signature="seup()[pri:0, instance:com.actitime.qa.testcases.LogonPageTest@1ebd319f]" started-at="2022-09-25T17:22:29Z" name="seup" finished-at="2022-09-25T17:22:54Z" duration-ms="24836" status="PASS">
          <reporter-output>
          </reporter-output>
        </test-method> <!-- seup -->
        <test-method signature="LoginTest(java.lang.String, java.lang.String)[pri:2, instance:com.actitime.qa.testcases.LogonPageTest@1ebd319f]" started-at="2022-09-25T17:22:54Z" name="LoginTest" data-provider="getactiTimeTestData" finished-at="2022-09-25T17:22:54Z" duration-ms="445" status="PASS">
          <params>
            <param index="0">
              <value>
                <![CDATA[admin]]>
              </value>
            </param>
            <param index="1">
              <value>
                <![CDATA[manager]]>
              </value>
            </param>
          </params>
          <reporter-output>
          </reporter-output>
        </test-method> <!-- LoginTest -->
        <test-method is-config="true" signature="tearDown()[pri:0, instance:com.actitime.qa.testcases.LogonPageTest@1ebd319f]" started-at="2022-09-25T17:22:54Z" name="tearDown" finished-at="2022-09-25T17:22:54Z" duration-ms="230" status="PASS">
          <reporter-output>
          </reporter-output>
        </test-method> <!-- tearDown -->
        <test-method is-config="true" signature="seup()[pri:0, instance:com.actitime.qa.testcases.LogonPageTest@1ebd319f]" started-at="2022-09-25T17:22:54Z" name="seup" finished-at="2022-09-25T17:23:17Z" duration-ms="22891" status="PASS">
          <reporter-output>
          </reporter-output>
        </test-method> <!-- seup -->
        <test-method signature="LoginTest(java.lang.String, java.lang.String)[pri:2, instance:com.actitime.qa.testcases.LogonPageTest@1ebd319f]" started-at="2022-09-25T17:23:17Z" name="LoginTest" data-provider="getactiTimeTestData" finished-at="2022-09-25T17:23:18Z" duration-ms="317" status="PASS">
          <params>
            <param index="0">
              <value>
                <![CDATA[trainee]]>
              </value>
            </param>
            <param index="1">
              <value>
                <![CDATA[trainee]]>
              </value>
            </param>
          </params>
          <reporter-output>
          </reporter-output>
        </test-method> <!-- LoginTest -->
        <test-method is-config="true" signature="tearDown()[pri:0, instance:com.actitime.qa.testcases.LogonPageTest@1ebd319f]" started-at="2022-09-25T17:23:18Z" name="tearDown" finished-at="2022-09-25T17:23:18Z" duration-ms="206" status="PASS">
          <reporter-output>
          </reporter-output>
        </test-method> <!-- tearDown -->
      </class> <!-- com.actitime.qa.testcases.LogonPageTest -->
      <class name="com.actitime.qa.testcases.UsersPageTest">
        <test-method is-config="true" signature="seup()[pri:0, instance:com.actitime.qa.testcases.UsersPageTest@15ca7889]" started-at="2022-09-25T17:20:18Z" name="seup" finished-at="2022-09-25T17:20:52Z" duration-ms="33737" status="PASS">
          <reporter-output>
          </reporter-output>
        </test-method> <!-- seup -->
        <test-method signature="usersPageLogoTest()[pri:1, instance:com.actitime.qa.testcases.UsersPageTest@15ca7889]" started-at="2022-09-25T17:20:52Z" name="usersPageLogoTest" finished-at="2022-09-25T17:20:52Z" duration-ms="68" status="PASS">
          <reporter-output>
          </reporter-output>
        </test-method> <!-- usersPageLogoTest -->
        <test-method is-config="true" signature="tearDown()[pri:0, instance:com.actitime.qa.testcases.UsersPageTest@15ca7889]" started-at="2022-09-25T17:20:52Z" name="tearDown" finished-at="2022-09-25T17:20:52Z" duration-ms="197" status="PASS">
          <reporter-output>
          </reporter-output>
        </test-method> <!-- tearDown -->
        <test-method is-config="true" signature="seup()[pri:0, instance:com.actitime.qa.testcases.UsersPageTest@15ca7889]" started-at="2022-09-25T17:24:00Z" name="seup" finished-at="2022-09-25T17:24:33Z" duration-ms="33350" status="PASS">
          <reporter-output>
          </reporter-output>
        </test-method> <!-- seup -->
        <test-method signature="reportsPageNewReportTest()[pri:2, instance:com.actitime.qa.testcases.UsersPageTest@15ca7889]" started-at="2022-09-25T17:24:33Z" name="reportsPageNewReportTest" finished-at="2022-09-25T17:24:34Z" duration-ms="176" status="PASS">
          <reporter-output>
          </reporter-output>
        </test-method> <!-- reportsPageNewReportTest -->
        <test-method is-config="true" signature="tearDown()[pri:0, instance:com.actitime.qa.testcases.UsersPageTest@15ca7889]" started-at="2022-09-25T17:24:34Z" name="tearDown" finished-at="2022-09-25T17:24:34Z" duration-ms="203" status="PASS">
          <reporter-output>
          </reporter-output>
        </test-method> <!-- tearDown -->
      </class> <!-- com.actitime.qa.testcases.UsersPageTest -->
      <class name="com.actitime.qa.testcases.TasksPageTest">
        <test-method is-config="true" signature="seup()[pri:0, instance:com.actitime.qa.testcases.TasksPageTest@7a675056]" started-at="2022-09-25T17:20:52Z" name="seup" finished-at="2022-09-25T17:21:24Z" duration-ms="32010" status="PASS">
          <reporter-output>
          </reporter-output>
        </test-method> <!-- seup -->
        <test-method signature="tasksPageLogoTest()[pri:1, instance:com.actitime.qa.testcases.TasksPageTest@7a675056]" started-at="2022-09-25T17:21:24Z" name="tasksPageLogoTest" finished-at="2022-09-25T17:21:24Z" duration-ms="58" status="PASS">
          <reporter-output>
          </reporter-output>
        </test-method> <!-- tasksPageLogoTest -->
        <test-method is-config="true" signature="tearDown()[pri:0, instance:com.actitime.qa.testcases.TasksPageTest@7a675056]" started-at="2022-09-25T17:21:24Z" name="tearDown" finished-at="2022-09-25T17:21:25Z" duration-ms="195" status="PASS">
          <reporter-output>
          </reporter-output>
        </test-method> <!-- tearDown -->
      </class> <!-- com.actitime.qa.testcases.TasksPageTest -->
    </test> <!-- UCSC Test Automation Demo Testcases -->
  </suite> <!-- UCSC Test Automation Demo -->
</testng-results>
